<?xml version="1.0" encoding="UTF-8"?>
<!-- Generated by org.testng.reporters.JUnitReportReporter -->
<testsuite hostname="MYSHEC596557L" failures="0" tests="1" name="COM.IRCTC.TESTpackage.Scenario1" time="77.896" errors="0" timestamp="2023-04-10T11:47:50 IST" skipped="0">
  <testcase classname="COM.IRCTC.TESTpackage.Scenario1" name="VerifyScenario1" time="77.896"/>
  <system-out/>
</testsuite> <!-- COM.IRCTC.TESTpackage.Scenario1 -->
