<?xml version="1.0" encoding="UTF-8"?>
<!-- Generated by org.testng.reporters.JUnitReportReporter -->
<testsuite hostname="MYSHEC596557L" failures="0" tests="1" name="COM.IRCTC.TESTpackage.Scenario2" time="68.452" errors="0" timestamp="2023-04-09T14:35:34 IST" skipped="0">
  <testcase classname="COM.IRCTC.TESTpackage.Scenario2" name="VerifyScenario1" time="68.452"/>
  <system-out/>
</testsuite> <!-- COM.IRCTC.TESTpackage.Scenario2 -->
